Using pre-set license
Built from '2022.1/staging' branch; Version is '2022.1.20f1 (01d83b40d570) revision 120891'; Using compiler version '192829333'; Build Type 'Release'
OS: 'Windows 10  (10.0.19045) 64bit Core' Language: 'tr' Physical Memory: 7987 MB
BatchMode: 1, IsHumanControllingUs: 0, StartBugReporterOnCrash: 0, Is64bit: 1, IsPro: 1

COMMAND LINE ARGUMENTS:
C:\Unity\2022.1.20f1\Editor\Unity.exe
-adb2
-batchMode
-noUpm
-name
AssetImportWorker4
-projectPath
C:/Users/serta/OneDrive/Belgeler/GitHub/SanalVerse/SanalVerse
-logFile
Logs/AssetImportWorker4.log
-srvPort
52616
Successfully changed project path to: C:/Users/serta/OneDrive/Belgeler/GitHub/SanalVerse/SanalVerse
C:/Users/serta/OneDrive/Belgeler/GitHub/SanalVerse/SanalVerse
[UnityMemory] Configuration Parameters - Can be set up in boot.config
    "memorysetup-bucket-allocator-granularity=16"
    "memorysetup-bucket-allocator-bucket-count=8"
    "memorysetup-bucket-allocator-block-size=33554432"
    "memorysetup-bucket-allocator-block-count=8"
    "memorysetup-main-allocator-block-size=16777216"
    "memorysetup-thread-allocator-block-size=16777216"
    "memorysetup-gfx-main-allocator-block-size=16777216"
    "memorysetup-gfx-thread-allocator-block-size=16777216"
    "memorysetup-cache-allocator-block-size=4194304"
    "memorysetup-typetree-allocator-block-size=2097152"
    "memorysetup-profiler-bucket-allocator-granularity=16"
    "memorysetup-profiler-bucket-allocator-bucket-count=8"
    "memorysetup-profiler-bucket-allocator-block-size=33554432"
    "memorysetup-profiler-bucket-allocator-block-count=8"
    "memorysetup-profiler-allocator-block-size=16777216"
    "memorysetup-profiler-editor-allocator-block-size=1048576"
    "memorysetup-temp-allocator-size-main=16777216"
    "memorysetup-job-temp-allocator-block-size=2097152"
    "memorysetup-job-temp-allocator-block-size-background=1048576"
    "memorysetup-job-temp-allocator-reduction-small-platforms=262144"
    "memorysetup-temp-allocator-size-background-worker=32768"
    "memorysetup-temp-allocator-size-job-worker=262144"
    "memorysetup-temp-allocator-size-preload-manager=33554432"
    "memorysetup-temp-allocator-size-nav-mesh-worker=65536"
    "memorysetup-temp-allocator-size-audio-worker=65536"
    "memorysetup-temp-allocator-size-cloud-worker=32768"
    "memorysetup-temp-allocator-size-gi-baking-worker=262144"
    "memorysetup-temp-allocator-size-gfx=262144"
Refreshing native plugins compatible for Editor in 444.42 ms, found 5 plugins.
Preloading 0 native plugins for Editor in 0.00 ms.
Initialize engine version: 2022.1.20f1 (01d83b40d570)
[Subsystems] Discovering subsystems at path C:/Unity/2022.1.20f1/Editor/Data/Resources/UnitySubsystems
[Subsystems] Discovering subsystems at path C:/Users/serta/OneDrive/Belgeler/GitHub/SanalVerse/SanalVerse/Assets
GfxDevice: creating device client; threaded=0; jobified=0
Direct3D:
    Version:  Direct3D 11.0 [level 11.1]
    Renderer: Intel(R) UHD Graphics (ID=0x8a56)
    Vendor:   Intel
    VRAM:     3993 MB
    Driver:   27.20.100.9664
Initialize mono
Mono path[0] = 'C:/Unity/2022.1.20f1/Editor/Data/Managed'
Mono path[1] = 'C:/Unity/2022.1.20f1/Editor/Data/MonoBleedingEdge/lib/mono/unityjit-win32'
Mono config path = 'C:/Unity/2022.1.20f1/Editor/Data/MonoBleedingEdge/etc'
Using monoOptions --debugger-agent=transport=dt_socket,embedding=1,server=y,suspend=n,address=127.0.0.1:56512
Begin MonoManager ReloadAssembly
Registering precompiled unity dll's ...
Register platform support module: C:/Unity/2022.1.20f1/Editor/Data/PlaybackEngines/WebGLSupport/UnityEditor.WebGL.Extensions.dll
Register platform support module: C:/Unity/2022.1.20f1/Editor/Data/PlaybackEngines/WindowsStandaloneSupport/UnityEditor.WindowsStandalone.Extensions.dll
Register platform support module: C:/Unity/2022.1.20f1/Editor/Data/PlaybackEngines/LinuxStandaloneSupport/UnityEditor.LinuxStandalone.Extensions.dll
Registered in 0.028455 seconds.
Native extension for LinuxStandalone target not found
Native extension for WindowsStandalone target not found
Native extension for WebGL target not found
Refreshing native plugins compatible for Editor in 310.31 ms, found 5 plugins.
Preloading 0 native plugins for Editor in 0.00 ms.
Mono: successfully reloaded assembly
- Completed reload, in  2.320 seconds
Domain Reload Profiling:
	ReloadAssembly (2321ms)
		BeginReloadAssembly (298ms)
			ExecutionOrderSort (0ms)
			DisableScriptedObjects (0ms)
			BackupInstance (0ms)
			ReleaseScriptingObjects (0ms)
			CreateAndSetChildDomain (1ms)
		EndReloadAssembly (1590ms)
			LoadAssemblies (291ms)
			RebuildTransferFunctionScriptingTraits (0ms)
			SetupTypeCache (394ms)
				TypeCache.Initialize (393ms)
					TypeCache.ScanAssembly (389ms)
				ResolveRequiredComponents (1ms)
			ReleaseScriptCaches (0ms)
			RebuildScriptCaches (83ms)
			SetupLoadedEditorAssemblies (939ms)
				LogAssemblyErrors (0ms)
				InitializePlatformSupportModulesInManaged (33ms)
				SetLoadedEditorAssemblies (15ms)
				RefreshPlugins (310ms)
				BeforeProcessingInitializeOnLoad (3ms)
				ProcessInitializeOnLoadAttributes (428ms)
				ProcessInitializeOnLoadMethodAttributes (149ms)
				AfterProcessingInitializeOnLoad (0ms)
				EditorAssembliesLoaded (0ms)
			ExecutionOrderSort2 (0ms)
			AwakeInstancesAfterBackupRestoration (0ms)
Platform modules already initialized, skipping
Registering precompiled user dll's ...
Registered in 0.042479 seconds.
Begin MonoManager ReloadAssembly
Symbol file LoadedFromMemory is not a mono symbol file
Symbol file LoadedFromMemory is not a mono symbol file
Symbol file LoadedFromMemory is not a mono symbol file
Symbol file LoadedFromMemory is not a mono symbol file
Native extension for LinuxStandalone target not found
Native extension for WindowsStandalone target not found
Native extension for WebGL target not found
Refreshing native plugins compatible for Editor in 271.03 ms, found 5 plugins.
Preloading 0 native plugins for Editor in 0.00 ms.
Make Babies Senses has a sense that is attempting to sense an unkown object type of 
UnityEngine.StackTraceUtility:ExtractStackTrace ()
UnityEngine.DebugLogHandler:LogFormat (UnityEngine.LogType,UnityEngine.Object,string,object[])
UnityEngine.Logger:Log (UnityEngine.LogType,object)
UnityEngine.Debug:LogWarning (object)
WizardsCode.Character.AI.AbstractSense:OnValidate () (at Assets/Character-Unity-Package-main/Character/Scripts/Runtime/Stats/AbstractSense.cs:120)
UnityEngine.ResourcesAPI:LoadAll (string,System.Type)
UnityEngine.Resources:LoadAll (string,System.Type)
UnityEngine.Resources:LoadAll<Photon.Utilities.SettingsScriptableObjectBase> (string)
Photon.Utilities.SettingsScriptableObjectBase:RegisterAllSettingsSOs () (at Assets/Photon/PhotonUtilities/SettingsScriptableObject/SettingsScriptableObject.cs:29)
System.Reflection.RuntimeMethodInfo:Invoke (object,System.Reflection.BindingFlags,System.Reflection.Binder,object[],System.Globalization.CultureInfo)
System.Reflection.MethodBase:Invoke (object,object[])
UnityEditor.EditorAssemblies:ProcessInitializeOnLoadMethodAttributes ()

(Filename: Assets/Character-Unity-Package-main/Character/Scripts/Runtime/Stats/AbstractSense.cs Line: 120)

Neo Person Senses has a sense that is attempting to sense an unkown object type of 
UnityEngine.StackTraceUtility:ExtractStackTrace ()
UnityEngine.DebugLogHandler:LogFormat (UnityEngine.LogType,UnityEngine.Object,string,object[])
UnityEngine.Logger:Log (UnityEngine.LogType,object)
UnityEngine.Debug:LogWarning (object)
WizardsCode.Character.AI.AbstractSense:OnValidate () (at Assets/Character-Unity-Package-main/Character/Scripts/Runtime/Stats/AbstractSense.cs:120)
UnityEngine.ResourcesAPI:LoadAll (string,System.Type)
UnityEngine.Resources:LoadAll (string,System.Type)
UnityEngine.Resources:LoadAll<Photon.Utilities.SettingsScriptableObjectBase> (string)
Photon.Utilities.SettingsScriptableObjectBase:RegisterAllSettingsSOs () (at Assets/Photon/PhotonUtilities/SettingsScriptableObject/SettingsScriptableObject.cs:29)
System.Reflection.RuntimeMethodInfo:Invoke (object,System.Reflection.BindingFlags,System.Reflection.Binder,object[],System.Globalization.CultureInfo)
System.Reflection.MethodBase:Invoke (object,object[])
UnityEditor.EditorAssemblies:ProcessInitializeOnLoadMethodAttributes ()

(Filename: Assets/Character-Unity-Package-main/Character/Scripts/Runtime/Stats/AbstractSense.cs Line: 120)

Neo Person Senses has a sense that is attempting to sense an unkown object type of 
UnityEngine.StackTraceUtility:ExtractStackTrace ()
UnityEngine.DebugLogHandler:LogFormat (UnityEngine.LogType,UnityEngine.Object,string,object[])
UnityEngine.Logger:Log (UnityEngine.LogType,object)
UnityEngine.Debug:LogWarning (object)
WizardsCode.Character.AI.AbstractSense:OnValidate () (at Assets/Character-Unity-Package-main/Character/Scripts/Runtime/Stats/AbstractSense.cs:120)
UnityEngine.ResourcesAPI:LoadAll (string,System.Type)
UnityEngine.Resources:LoadAll (string,System.Type)
UnityEngine.Resources:LoadAll<Photon.Utilities.SettingsScriptableObjectBase> (string)
Photon.Utilities.SettingsScriptableObjectBase:RegisterAllSettingsSOs () (at Assets/Photon/PhotonUtilities/SettingsScriptableObject/SettingsScriptableObject.cs:29)
System.Reflection.RuntimeMethodInfo:Invoke (object,System.Reflection.BindingFlags,System.Reflection.Binder,object[],System.Globalization.CultureInfo)
System.Reflection.MethodBase:Invoke (object,object[])
UnityEditor.EditorAssemblies:ProcessInitializeOnLoadMethodAttributes ()

(Filename: Assets/Character-Unity-Package-main/Character/Scripts/Runtime/Stats/AbstractSense.cs Line: 120)

Neo Person Senses has a sense that is attempting to sense an unkown object type of 
UnityEngine.StackTraceUtility:ExtractStackTrace ()
UnityEngine.DebugLogHandler:LogFormat (UnityEngine.LogType,UnityEngine.Object,string,object[])
UnityEngine.Logger:Log (UnityEngine.LogType,object)
UnityEngine.Debug:LogWarning (object)
WizardsCode.Character.AI.AbstractSense:OnValidate () (at Assets/Character-Unity-Package-main/Character/Scripts/Runtime/Stats/AbstractSense.cs:120)
UnityEngine.ResourcesAPI:LoadAll (string,System.Type)
UnityEngine.Resources:LoadAll (string,System.Type)
UnityEngine.Resources:LoadAll<Photon.Utilities.SettingsScriptableObjectBase> (string)
Photon.Utilities.SettingsScriptableObjectBase:RegisterAllSettingsSOs () (at Assets/Photon/PhotonUtilities/SettingsScriptableObject/SettingsScriptableObject.cs:29)
System.Reflection.RuntimeMethodInfo:Invoke (object,System.Reflection.BindingFlags,System.Reflection.Binder,object[],System.Globalization.CultureInfo)
System.Reflection.MethodBase:Invoke (object,object[])
UnityEditor.EditorAssemblies:ProcessInitializeOnLoadMethodAttributes ()

(Filename: Assets/Character-Unity-Package-main/Character/Scripts/Runtime/Stats/AbstractSense.cs Line: 120)

Neo Person Senses has a sense that is attempting to sense an unkown object type of 
UnityEngine.StackTraceUtility:ExtractStackTrace ()
UnityEngine.DebugLogHandler:LogFormat (UnityEngine.LogType,UnityEngine.Object,string,object[])
UnityEngine.Logger:Log (UnityEngine.LogType,object)
UnityEngine.Debug:LogWarning (object)
WizardsCode.Character.AI.AbstractSense:OnValidate () (at Assets/Character-Unity-Package-main/Character/Scripts/Runtime/Stats/AbstractSense.cs:120)
UnityEngine.ResourcesAPI:LoadAll (string,System.Type)
UnityEngine.Resources:LoadAll (string,System.Type)
UnityEngine.Resources:LoadAll<Photon.Utilities.SettingsScriptableObjectBase> (string)
Photon.Utilities.SettingsScriptableObjectBase:RegisterAllSettingsSOs () (at Assets/Photon/PhotonUtilities/SettingsScriptableObject/SettingsScriptableObject.cs:29)
System.Reflection.RuntimeMethodInfo:Invoke (object,System.Reflection.BindingFlags,System.Reflection.Binder,object[],System.Globalization.CultureInfo)
System.Reflection.MethodBase:Invoke (object,object[])
UnityEditor.EditorAssemblies:ProcessInitializeOnLoadMethodAttributes ()

(Filename: Assets/Character-Unity-Package-main/Character/Scripts/Runtime/Stats/AbstractSense.cs Line: 120)

Neo Person Senses has a sense that is attempting to sense an unkown object type of 
UnityEngine.StackTraceUtility:ExtractStackTrace ()
UnityEngine.DebugLogHandler:LogFormat (UnityEngine.LogType,UnityEngine.Object,string,object[])
UnityEngine.Logger:Log (UnityEngine.LogType,object)
UnityEngine.Debug:LogWarning (object)
WizardsCode.Character.AI.AbstractSense:OnValidate () (at Assets/Character-Unity-Package-main/Character/Scripts/Runtime/Stats/AbstractSense.cs:120)
UnityEngine.ResourcesAPI:LoadAll (string,System.Type)
UnityEngine.Resources:LoadAll (string,System.Type)
UnityEngine.Resources:LoadAll<Photon.Utilities.SettingsScriptableObjectBase> (string)
Photon.Utilities.SettingsScriptableObjectBase:RegisterAllSettingsSOs () (at Assets/Photon/PhotonUtilities/SettingsScriptableObject/SettingsScriptableObject.cs:29)
System.Reflection.RuntimeMethodInfo:Invoke (object,System.Reflection.BindingFlags,System.Reflection.Binder,object[],System.Globalization.CultureInfo)
System.Reflection.MethodBase:Invoke (object,object[])
UnityEditor.EditorAssemblies:ProcessInitializeOnLoadMethodAttributes ()

(Filename: Assets/Character-Unity-Package-main/Character/Scripts/Runtime/Stats/AbstractSense.cs Line: 120)

Neo Person Senses has a sense that is attempting to sense an unkown object type of 
UnityEngine.StackTraceUtility:ExtractStackTrace ()
UnityEngine.DebugLogHandler:LogFormat (UnityEngine.LogType,UnityEngine.Object,string,object[])
UnityEngine.Logger:Log (UnityEngine.LogType,object)
UnityEngine.Debug:LogWarning (object)
WizardsCode.Character.AI.AbstractSense:OnValidate () (at Assets/Character-Unity-Package-main/Character/Scripts/Runtime/Stats/AbstractSense.cs:120)
UnityEngine.ResourcesAPI:LoadAll (string,System.Type)
UnityEngine.Resources:LoadAll (string,System.Type)
UnityEngine.Resources:LoadAll<Photon.Utilities.SettingsScriptableObjectBase> (string)
Photon.Utilities.SettingsScriptableObjectBase:RegisterAllSettingsSOs () (at Assets/Photon/PhotonUtilities/SettingsScriptableObject/SettingsScriptableObject.cs:29)
System.Reflection.RuntimeMethodInfo:Invoke (object,System.Reflection.BindingFlags,System.Reflection.Binder,object[],System.Globalization.CultureInfo)
System.Reflection.MethodBase:Invoke (object,object[])
UnityEditor.EditorAssemblies:ProcessInitializeOnLoadMethodAttributes ()

(Filename: Assets/Character-Unity-Package-main/Character/Scripts/Runtime/Stats/AbstractSense.cs Line: 120)

Mono: successfully reloaded assembly
- Completed reload, in 17.825 seconds
Domain Reload Profiling:
	ReloadAssembly (17827ms)
		BeginReloadAssembly (339ms)
			ExecutionOrderSort (0ms)
			DisableScriptedObjects (21ms)
			BackupInstance (0ms)
			ReleaseScriptingObjects (0ms)
			CreateAndSetChildDomain (51ms)
		EndReloadAssembly (17090ms)
			LoadAssemblies (7594ms)
			RebuildTransferFunctionScriptingTraits (0ms)
			SetupTypeCache (690ms)
				TypeCache.Initialize (633ms)
					TypeCache.ScanAssembly (623ms)
				ResolveRequiredComponents (58ms)
			ReleaseScriptCaches (1ms)
			RebuildScriptCaches (236ms)
			SetupLoadedEditorAssemblies (8399ms)
				LogAssemblyErrors (0ms)
				InitializePlatformSupportModulesInManaged (25ms)
				SetLoadedEditorAssemblies (19ms)
				RefreshPlugins (271ms)
				BeforeProcessingInitializeOnLoad (306ms)
				ProcessInitializeOnLoadAttributes (1019ms)
				ProcessInitializeOnLoadMethodAttributes (6738ms)
				AfterProcessingInitializeOnLoad (20ms)
				EditorAssembliesLoaded (1ms)
			ExecutionOrderSort2 (0ms)
			AwakeInstancesAfterBackupRestoration (20ms)
Platform modules already initialized, skipping
========================================================================
Worker process is ready to serve import requests
Launched and connected shader compiler UnityShaderCompiler.exe after 0.17 seconds
Refreshing native plugins compatible for Editor in 2.89 ms, found 5 plugins.
Preloading 0 native plugins for Editor in 0.00 ms.
Unloading 4937 Unused Serialized files (Serialized files now loaded: 0)
Unloading 2286 unused Assets / (4.6 MB). Loaded Objects now: 5022.
Memory consumption went from 0.78 GB to 0.78 GB.
Total: 12.442100 ms (FindLiveObjects: 0.952400 ms CreateObjectMapping: 0.774100 ms MarkObjects: 4.790800 ms  DeleteObjects: 5.922800 ms)

AssetImportParameters requested are different than current active one (requested -> active):
  custom:video-decoder-ogg-theora: a1e56fd34408186e4bbccfd4996cb3dc -> 
  custom:container-muxer-webm: aa71ff27fc2769a1b78a27578f13a17b -> 
  custom:container-demuxer-webm: 4f35f7cbe854078d1ac9338744f61a02 -> 
  custom:video-encoder-webm-vp8: eb34c28f22e8b96e1ab97ce403110664 -> 
  custom:video-codec-MediaFoundation-h265: e54d7ab0439102e2317fc1e4b246158d -> 
  custom:audio-encoder-webm-vorbis: bf7c407c2cedff20999df2af8eb42d56 -> 
  custom:framework-win-MediaFoundation: 216162199b28c13a410421893ffa2e32 -> 
  custom:container-demuxer-ogg: 62fdf1f143b41e24485cea50d1cbac27 -> 
  custom:video-decoder-webm-vp8: 9c59270c3fd7afecdb556c50c9e8de78 -> 
  custom:audio-decoder-ogg-vorbis: bf7c407c2cedff20999df2af8eb42d56 -> 
========================================================================
Received Import Request.
  Time since last request: 6746.704746 seconds.
  path: Assets/New Terrain.asset
  artifactKey: Guid(4b98c41dafd50044690f1576263a04eb) Importer(815301076,1909f56bfc062723c751e8b465ee728b)
Start importing Assets/New Terrain.asset using Guid(4b98c41dafd50044690f1576263a04eb) Importer(815301076,1909f56bfc062723c751e8b465ee728b)  -> (artifact id: '6cc04cc54414adf314c5122228d5e76e') in 0.160441 seconds 
========================================================================
Received Import Request.
  Time since last request: 0.000057 seconds.
  path: Assets/Backdrop.mat
  artifactKey: Guid(425f7dd9ec4c25148b9c5fbea278847d) Importer(815301076,1909f56bfc062723c751e8b465ee728b)
Start importing Assets/Backdrop.mat using Guid(425f7dd9ec4c25148b9c5fbea278847d) Importer(815301076,1909f56bfc062723c751e8b465ee728b)  -> (artifact id: '62d8575e0e915b74230489b3ef1a6215') in 0.788157 seconds 
========================================================================
Received Import Request.
  Time since last request: 0.000061 seconds.
  path: Assets/ImageTexture.renderTexture
  artifactKey: Guid(70d54f28ecdbee1449af90312f47ced8) Importer(815301076,1909f56bfc062723c751e8b465ee728b)
Start importing Assets/ImageTexture.renderTexture using Guid(70d54f28ecdbee1449af90312f47ced8) Importer(815301076,1909f56bfc062723c751e8b465ee728b)  -> (artifact id: '555e5a5bd69d135a6551f9d4824ea2bc') in 0.069388 seconds 
========================================================================
Received Import Request.
  Time since last request: 84.547875 seconds.
  path: Assets/Scenes/Main.unity
  artifactKey: Guid(002d59ea1972f2847934d64ce85772bb) Importer(815301076,1909f56bfc062723c751e8b465ee728b)
Start importing Assets/Scenes/Main.unity using Guid(002d59ea1972f2847934d64ce85772bb) Importer(815301076,1909f56bfc062723c751e8b465ee728b)  -> (artifact id: '8e266e478e49ba71878ce3c492b6aea3') in 0.018373 seconds 
========================================================================
Received Prepare
Registering precompiled user dll's ...
Registered in 0.039431 seconds.
Begin MonoManager ReloadAssembly
Symbol file LoadedFromMemory is not a mono symbol file
Symbol file LoadedFromMemory is not a mono symbol file
Symbol file LoadedFromMemory is not a mono symbol file
Symbol file LoadedFromMemory is not a mono symbol file
Native extension for LinuxStandalone target not found
Native extension for WindowsStandalone target not found
Native extension for WebGL target not found
Refreshing native plugins compatible for Editor in 3.11 ms, found 5 plugins.
Preloading 0 native plugins for Editor in 0.00 ms.
Make Babies Senses has a sense that is attempting to sense an unkown object type of 
UnityEngine.StackTraceUtility:ExtractStackTrace ()
UnityEngine.DebugLogHandler:LogFormat (UnityEngine.LogType,UnityEngine.Object,string,object[])
UnityEngine.Logger:Log (UnityEngine.LogType,object)
UnityEngine.Debug:LogWarning (object)
WizardsCode.Character.AI.AbstractSense:OnValidate () (at Assets/Character-Unity-Package-main/Character/Scripts/Runtime/Stats/AbstractSense.cs:120)
UnityEngine.ResourcesAPI:LoadAll (string,System.Type)
UnityEngine.Resources:LoadAll (string,System.Type)
UnityEngine.Resources:LoadAll<Photon.Utilities.SettingsScriptableObjectBase> (string)
Photon.Utilities.SettingsScriptableObjectBase:RegisterAllSettingsSOs () (at Assets/Photon/PhotonUtilities/SettingsScriptableObject/SettingsScriptableObject.cs:29)
System.Reflection.RuntimeMethodInfo:Invoke (object,System.Reflection.BindingFlags,System.Reflection.Binder,object[],System.Globalization.CultureInfo)
System.Reflection.MethodBase:Invoke (object,object[])
UnityEditor.EditorAssemblies:ProcessInitializeOnLoadMethodAttributes ()

(Filename: Assets/Character-Unity-Package-main/Character/Scripts/Runtime/Stats/AbstractSense.cs Line: 120)

Mono: successfully reloaded assembly
- Completed reload, in  5.919 seconds
Domain Reload Profiling:
	ReloadAssembly (5921ms)
		BeginReloadAssembly (436ms)
			ExecutionOrderSort (0ms)
			DisableScriptedObjects (11ms)
			BackupInstance (0ms)
			ReleaseScriptingObjects (0ms)
			CreateAndSetChildDomain (113ms)
		EndReloadAssembly (5173ms)
			LoadAssemblies (509ms)
			RebuildTransferFunctionScriptingTraits (0ms)
			SetupTypeCache (702ms)
				TypeCache.Initialize (666ms)
					TypeCache.ScanAssembly (652ms)
				ResolveRequiredComponents (36ms)
			ReleaseScriptCaches (2ms)
			RebuildScriptCaches (90ms)
			SetupLoadedEditorAssemblies (3637ms)
				LogAssemblyErrors (0ms)
				InitializePlatformSupportModulesInManaged (44ms)
				SetLoadedEditorAssemblies (13ms)
				RefreshPlugins (3ms)
				BeforeProcessingInitializeOnLoad (155ms)
				ProcessInitializeOnLoadAttributes (1293ms)
				ProcessInitializeOnLoadMethodAttributes (2056ms)
				AfterProcessingInitializeOnLoad (71ms)
				EditorAssembliesLoaded (1ms)
			ExecutionOrderSort2 (0ms)
			AwakeInstancesAfterBackupRestoration (67ms)
Platform modules already initialized, skipping
Refreshing native plugins compatible for Editor in 98.88 ms, found 5 plugins.
Preloading 0 native plugins for Editor in 0.00 ms.
Unloading 4827 Unused Serialized files (Serialized files now loaded: 0)
Unloading 83 unused Assets / (1.4 MB). Loaded Objects now: 5082.
Memory consumption went from 0.76 GB to 0.76 GB.
Total: 23.544400 ms (FindLiveObjects: 1.462600 ms CreateObjectMapping: 1.968000 ms MarkObjects: 12.777900 ms  DeleteObjects: 7.328800 ms)

AssetImportParameters requested are different than current active one (requested -> active):
  custom:video-decoder-ogg-theora: a1e56fd34408186e4bbccfd4996cb3dc -> 
  custom:container-muxer-webm: aa71ff27fc2769a1b78a27578f13a17b -> 
  custom:container-demuxer-webm: 4f35f7cbe854078d1ac9338744f61a02 -> 
  custom:video-encoder-webm-vp8: eb34c28f22e8b96e1ab97ce403110664 -> 
  custom:video-codec-MediaFoundation-h265: e54d7ab0439102e2317fc1e4b246158d -> 
  custom:audio-encoder-webm-vorbis: bf7c407c2cedff20999df2af8eb42d56 -> 
  custom:framework-win-MediaFoundation: 216162199b28c13a410421893ffa2e32 -> 
  custom:container-demuxer-ogg: 62fdf1f143b41e24485cea50d1cbac27 -> 
  custom:video-decoder-webm-vp8: 9c59270c3fd7afecdb556c50c9e8de78 -> 
  custom:audio-decoder-ogg-vorbis: bf7c407c2cedff20999df2af8eb42d56 -> 
