Using pre-set license
Built from '2022.1/staging' branch; Version is '2022.1.20f1 (01d83b40d570) revision 120891'; Using compiler version '192829333'; Build Type 'Release'
OS: 'Windows 10  (10.0.19045) 64bit Core' Language: 'tr' Physical Memory: 7987 MB
BatchMode: 1, IsHumanControllingUs: 0, StartBugReporterOnCrash: 0, Is64bit: 1, IsPro: 1

COMMAND LINE ARGUMENTS:
C:\Unity\2022.1.20f1\Editor\Unity.exe
-adb2
-batchMode
-noUpm
-name
AssetImportWorker5
-projectPath
C:/Users/serta/OneDrive/Belgeler/GitHub/SanalVerse/SanalVerse
-logFile
Logs/AssetImportWorker5.log
-srvPort
52616
Successfully changed project path to: C:/Users/serta/OneDrive/Belgeler/GitHub/SanalVerse/SanalVerse
C:/Users/serta/OneDrive/Belgeler/GitHub/SanalVerse/SanalVerse
[UnityMemory] Configuration Parameters - Can be set up in boot.config
    "memorysetup-bucket-allocator-granularity=16"
    "memorysetup-bucket-allocator-bucket-count=8"
    "memorysetup-bucket-allocator-block-size=33554432"
    "memorysetup-bucket-allocator-block-count=8"
    "memorysetup-main-allocator-block-size=16777216"
    "memorysetup-thread-allocator-block-size=16777216"
    "memorysetup-gfx-main-allocator-block-size=16777216"
    "memorysetup-gfx-thread-allocator-block-size=16777216"
    "memorysetup-cache-allocator-block-size=4194304"
    "memorysetup-typetree-allocator-block-size=2097152"
    "memorysetup-profiler-bucket-allocator-granularity=16"
    "memorysetup-profiler-bucket-allocator-bucket-count=8"
    "memorysetup-profiler-bucket-allocator-block-size=33554432"
    "memorysetup-profiler-bucket-allocator-block-count=8"
    "memorysetup-profiler-allocator-block-size=16777216"
    "memorysetup-profiler-editor-allocator-block-size=1048576"
    "memorysetup-temp-allocator-size-main=16777216"
    "memorysetup-job-temp-allocator-block-size=2097152"
    "memorysetup-job-temp-allocator-block-size-background=1048576"
    "memorysetup-job-temp-allocator-reduction-small-platforms=262144"
    "memorysetup-temp-allocator-size-background-worker=32768"
    "memorysetup-temp-allocator-size-job-worker=262144"
    "memorysetup-temp-allocator-size-preload-manager=33554432"
    "memorysetup-temp-allocator-size-nav-mesh-worker=65536"
    "memorysetup-temp-allocator-size-audio-worker=65536"
    "memorysetup-temp-allocator-size-cloud-worker=32768"
    "memorysetup-temp-allocator-size-gi-baking-worker=262144"
    "memorysetup-temp-allocator-size-gfx=262144"
Refreshing native plugins compatible for Editor in 458.25 ms, found 5 plugins.
Preloading 0 native plugins for Editor in 0.00 ms.
Initialize engine version: 2022.1.20f1 (01d83b40d570)
[Subsystems] Discovering subsystems at path C:/Unity/2022.1.20f1/Editor/Data/Resources/UnitySubsystems
[Subsystems] Discovering subsystems at path C:/Users/serta/OneDrive/Belgeler/GitHub/SanalVerse/SanalVerse/Assets
GfxDevice: creating device client; threaded=0; jobified=0
Direct3D:
    Version:  Direct3D 11.0 [level 11.1]
    Renderer: Intel(R) UHD Graphics (ID=0x8a56)
    Vendor:   Intel
    VRAM:     3993 MB
    Driver:   27.20.100.9664
Initialize mono
Mono path[0] = 'C:/Unity/2022.1.20f1/Editor/Data/Managed'
Mono path[1] = 'C:/Unity/2022.1.20f1/Editor/Data/MonoBleedingEdge/lib/mono/unityjit-win32'
Mono config path = 'C:/Unity/2022.1.20f1/Editor/Data/MonoBleedingEdge/etc'
Using monoOptions --debugger-agent=transport=dt_socket,embedding=1,server=y,suspend=n,address=127.0.0.1:56292
Begin MonoManager ReloadAssembly
Registering precompiled unity dll's ...
Register platform support module: C:/Unity/2022.1.20f1/Editor/Data/PlaybackEngines/WebGLSupport/UnityEditor.WebGL.Extensions.dll
Register platform support module: C:/Unity/2022.1.20f1/Editor/Data/PlaybackEngines/WindowsStandaloneSupport/UnityEditor.WindowsStandalone.Extensions.dll
Register platform support module: C:/Unity/2022.1.20f1/Editor/Data/PlaybackEngines/LinuxStandaloneSupport/UnityEditor.LinuxStandalone.Extensions.dll
Registered in 0.029156 seconds.
Native extension for LinuxStandalone target not found
Native extension for WindowsStandalone target not found
Native extension for WebGL target not found
Refreshing native plugins compatible for Editor in 337.63 ms, found 5 plugins.
Preloading 0 native plugins for Editor in 0.00 ms.
Mono: successfully reloaded assembly
- Completed reload, in  2.264 seconds
Domain Reload Profiling:
	ReloadAssembly (2265ms)
		BeginReloadAssembly (257ms)
			ExecutionOrderSort (0ms)
			DisableScriptedObjects (0ms)
			BackupInstance (0ms)
			ReleaseScriptingObjects (0ms)
			CreateAndSetChildDomain (2ms)
		EndReloadAssembly (1554ms)
			LoadAssemblies (248ms)
			RebuildTransferFunctionScriptingTraits (0ms)
			SetupTypeCache (345ms)
				TypeCache.Initialize (344ms)
					TypeCache.ScanAssembly (341ms)
				ResolveRequiredComponents (1ms)
			ReleaseScriptCaches (0ms)
			RebuildScriptCaches (77ms)
			SetupLoadedEditorAssemblies (928ms)
				LogAssemblyErrors (0ms)
				InitializePlatformSupportModulesInManaged (32ms)
				SetLoadedEditorAssemblies (13ms)
				RefreshPlugins (338ms)
				BeforeProcessingInitializeOnLoad (3ms)
				ProcessInitializeOnLoadAttributes (398ms)
				ProcessInitializeOnLoadMethodAttributes (144ms)
				AfterProcessingInitializeOnLoad (0ms)
				EditorAssembliesLoaded (0ms)
			ExecutionOrderSort2 (0ms)
			AwakeInstancesAfterBackupRestoration (0ms)
Platform modules already initialized, skipping
Registering precompiled user dll's ...
Registered in 0.055841 seconds.
Begin MonoManager ReloadAssembly
Symbol file LoadedFromMemory is not a mono symbol file
Symbol file LoadedFromMemory is not a mono symbol file
Symbol file LoadedFromMemory is not a mono symbol file
Symbol file LoadedFromMemory is not a mono symbol file
Native extension for LinuxStandalone target not found
Native extension for WindowsStandalone target not found
Native extension for WebGL target not found
Refreshing native plugins compatible for Editor in 271.11 ms, found 5 plugins.
Preloading 0 native plugins for Editor in 0.00 ms.
Make Babies Senses has a sense that is attempting to sense an unkown object type of 
UnityEngine.StackTraceUtility:ExtractStackTrace ()
UnityEngine.DebugLogHandler:LogFormat (UnityEngine.LogType,UnityEngine.Object,string,object[])
UnityEngine.Logger:Log (UnityEngine.LogType,object)
UnityEngine.Debug:LogWarning (object)
WizardsCode.Character.AI.AbstractSense:OnValidate () (at Assets/Character-Unity-Package-main/Character/Scripts/Runtime/Stats/AbstractSense.cs:120)
UnityEngine.ResourcesAPI:LoadAll (string,System.Type)
UnityEngine.Resources:LoadAll (string,System.Type)
UnityEngine.Resources:LoadAll<Photon.Utilities.SettingsScriptableObjectBase> (string)
Photon.Utilities.SettingsScriptableObjectBase:RegisterAllSettingsSOs () (at Assets/Photon/PhotonUtilities/SettingsScriptableObject/SettingsScriptableObject.cs:29)
System.Reflection.RuntimeMethodInfo:Invoke (object,System.Reflection.BindingFlags,System.Reflection.Binder,object[],System.Globalization.CultureInfo)
System.Reflection.MethodBase:Invoke (object,object[])
UnityEditor.EditorAssemblies:ProcessInitializeOnLoadMethodAttributes ()

(Filename: Assets/Character-Unity-Package-main/Character/Scripts/Runtime/Stats/AbstractSense.cs Line: 120)

Neo Person Senses has a sense that is attempting to sense an unkown object type of 
UnityEngine.StackTraceUtility:ExtractStackTrace ()
UnityEngine.DebugLogHandler:LogFormat (UnityEngine.LogType,UnityEngine.Object,string,object[])
UnityEngine.Logger:Log (UnityEngine.LogType,object)
UnityEngine.Debug:LogWarning (object)
WizardsCode.Character.AI.AbstractSense:OnValidate () (at Assets/Character-Unity-Package-main/Character/Scripts/Runtime/Stats/AbstractSense.cs:120)
UnityEngine.ResourcesAPI:LoadAll (string,System.Type)
UnityEngine.Resources:LoadAll (string,System.Type)
UnityEngine.Resources:LoadAll<Photon.Utilities.SettingsScriptableObjectBase> (string)
Photon.Utilities.SettingsScriptableObjectBase:RegisterAllSettingsSOs () (at Assets/Photon/PhotonUtilities/SettingsScriptableObject/SettingsScriptableObject.cs:29)
System.Reflection.RuntimeMethodInfo:Invoke (object,System.Reflection.BindingFlags,System.Reflection.Binder,object[],System.Globalization.CultureInfo)
System.Reflection.MethodBase:Invoke (object,object[])
UnityEditor.EditorAssemblies:ProcessInitializeOnLoadMethodAttributes ()

(Filename: Assets/Character-Unity-Package-main/Character/Scripts/Runtime/Stats/AbstractSense.cs Line: 120)

Neo Person Senses has a sense that is attempting to sense an unkown object type of 
UnityEngine.StackTraceUtility:ExtractStackTrace ()
UnityEngine.DebugLogHandler:LogFormat (UnityEngine.LogType,UnityEngine.Object,string,object[])
UnityEngine.Logger:Log (UnityEngine.LogType,object)
UnityEngine.Debug:LogWarning (object)
WizardsCode.Character.AI.AbstractSense:OnValidate () (at Assets/Character-Unity-Package-main/Character/Scripts/Runtime/Stats/AbstractSense.cs:120)
UnityEngine.ResourcesAPI:LoadAll (string,System.Type)
UnityEngine.Resources:LoadAll (string,System.Type)
UnityEngine.Resources:LoadAll<Photon.Utilities.SettingsScriptableObjectBase> (string)
Photon.Utilities.SettingsScriptableObjectBase:RegisterAllSettingsSOs () (at Assets/Photon/PhotonUtilities/SettingsScriptableObject/SettingsScriptableObject.cs:29)
System.Reflection.RuntimeMethodInfo:Invoke (object,System.Reflection.BindingFlags,System.Reflection.Binder,object[],System.Globalization.CultureInfo)
System.Reflection.MethodBase:Invoke (object,object[])
UnityEditor.EditorAssemblies:ProcessInitializeOnLoadMethodAttributes ()

(Filename: Assets/Character-Unity-Package-main/Character/Scripts/Runtime/Stats/AbstractSense.cs Line: 120)

Neo Person Senses has a sense that is attempting to sense an unkown object type of 
UnityEngine.StackTraceUtility:ExtractStackTrace ()
UnityEngine.DebugLogHandler:LogFormat (UnityEngine.LogType,UnityEngine.Object,string,object[])
UnityEngine.Logger:Log (UnityEngine.LogType,object)
UnityEngine.Debug:LogWarning (object)
WizardsCode.Character.AI.AbstractSense:OnValidate () (at Assets/Character-Unity-Package-main/Character/Scripts/Runtime/Stats/AbstractSense.cs:120)
UnityEngine.ResourcesAPI:LoadAll (string,System.Type)
UnityEngine.Resources:LoadAll (string,System.Type)
UnityEngine.Resources:LoadAll<Photon.Utilities.SettingsScriptableObjectBase> (string)
Photon.Utilities.SettingsScriptableObjectBase:RegisterAllSettingsSOs () (at Assets/Photon/PhotonUtilities/SettingsScriptableObject/SettingsScriptableObject.cs:29)
System.Reflection.RuntimeMethodInfo:Invoke (object,System.Reflection.BindingFlags,System.Reflection.Binder,object[],System.Globalization.CultureInfo)
System.Reflection.MethodBase:Invoke (object,object[])
UnityEditor.EditorAssemblies:ProcessInitializeOnLoadMethodAttributes ()

(Filename: Assets/Character-Unity-Package-main/Character/Scripts/Runtime/Stats/AbstractSense.cs Line: 120)

Neo Person Senses has a sense that is attempting to sense an unkown object type of 
UnityEngine.StackTraceUtility:ExtractStackTrace ()
UnityEngine.DebugLogHandler:LogFormat (UnityEngine.LogType,UnityEngine.Object,string,object[])
UnityEngine.Logger:Log (UnityEngine.LogType,object)
UnityEngine.Debug:LogWarning (object)
WizardsCode.Character.AI.AbstractSense:OnValidate () (at Assets/Character-Unity-Package-main/Character/Scripts/Runtime/Stats/AbstractSense.cs:120)
UnityEngine.ResourcesAPI:LoadAll (string,System.Type)
UnityEngine.Resources:LoadAll (string,System.Type)
UnityEngine.Resources:LoadAll<Photon.Utilities.SettingsScriptableObjectBase> (string)
Photon.Utilities.SettingsScriptableObjectBase:RegisterAllSettingsSOs () (at Assets/Photon/PhotonUtilities/SettingsScriptableObject/SettingsScriptableObject.cs:29)
System.Reflection.RuntimeMethodInfo:Invoke (object,System.Reflection.BindingFlags,System.Reflection.Binder,object[],System.Globalization.CultureInfo)
System.Reflection.MethodBase:Invoke (object,object[])
UnityEditor.EditorAssemblies:ProcessInitializeOnLoadMethodAttributes ()

(Filename: Assets/Character-Unity-Package-main/Character/Scripts/Runtime/Stats/AbstractSense.cs Line: 120)

Neo Person Senses has a sense that is attempting to sense an unkown object type of 
UnityEngine.StackTraceUtility:ExtractStackTrace ()
UnityEngine.DebugLogHandler:LogFormat (UnityEngine.LogType,UnityEngine.Object,string,object[])
UnityEngine.Logger:Log (UnityEngine.LogType,object)
UnityEngine.Debug:LogWarning (object)
WizardsCode.Character.AI.AbstractSense:OnValidate () (at Assets/Character-Unity-Package-main/Character/Scripts/Runtime/Stats/AbstractSense.cs:120)
UnityEngine.ResourcesAPI:LoadAll (string,System.Type)
UnityEngine.Resources:LoadAll (string,System.Type)
UnityEngine.Resources:LoadAll<Photon.Utilities.SettingsScriptableObjectBase> (string)
Photon.Utilities.SettingsScriptableObjectBase:RegisterAllSettingsSOs () (at Assets/Photon/PhotonUtilities/SettingsScriptableObject/SettingsScriptableObject.cs:29)
System.Reflection.RuntimeMethodInfo:Invoke (object,System.Reflection.BindingFlags,System.Reflection.Binder,object[],System.Globalization.CultureInfo)
System.Reflection.MethodBase:Invoke (object,object[])
UnityEditor.EditorAssemblies:ProcessInitializeOnLoadMethodAttributes ()

(Filename: Assets/Character-Unity-Package-main/Character/Scripts/Runtime/Stats/AbstractSense.cs Line: 120)

Neo Person Senses has a sense that is attempting to sense an unkown object type of 
UnityEngine.StackTraceUtility:ExtractStackTrace ()
UnityEngine.DebugLogHandler:LogFormat (UnityEngine.LogType,UnityEngine.Object,string,object[])
UnityEngine.Logger:Log (UnityEngine.LogType,object)
UnityEngine.Debug:LogWarning (object)
WizardsCode.Character.AI.AbstractSense:OnValidate () (at Assets/Character-Unity-Package-main/Character/Scripts/Runtime/Stats/AbstractSense.cs:120)
UnityEngine.ResourcesAPI:LoadAll (string,System.Type)
UnityEngine.Resources:LoadAll (string,System.Type)
UnityEngine.Resources:LoadAll<Photon.Utilities.SettingsScriptableObjectBase> (string)
Photon.Utilities.SettingsScriptableObjectBase:RegisterAllSettingsSOs () (at Assets/Photon/PhotonUtilities/SettingsScriptableObject/SettingsScriptableObject.cs:29)
System.Reflection.RuntimeMethodInfo:Invoke (object,System.Reflection.BindingFlags,System.Reflection.Binder,object[],System.Globalization.CultureInfo)
System.Reflection.MethodBase:Invoke (object,object[])
UnityEditor.EditorAssemblies:ProcessInitializeOnLoadMethodAttributes ()

(Filename: Assets/Character-Unity-Package-main/Character/Scripts/Runtime/Stats/AbstractSense.cs Line: 120)

Mono: successfully reloaded assembly
- Completed reload, in 18.007 seconds
Domain Reload Profiling:
	ReloadAssembly (18011ms)
		BeginReloadAssembly (395ms)
			ExecutionOrderSort (0ms)
			DisableScriptedObjects (14ms)
			BackupInstance (0ms)
			ReleaseScriptingObjects (0ms)
			CreateAndSetChildDomain (73ms)
		EndReloadAssembly (17212ms)
			LoadAssemblies (7772ms)
			RebuildTransferFunctionScriptingTraits (0ms)
			SetupTypeCache (692ms)
				TypeCache.Initialize (637ms)
					TypeCache.ScanAssembly (627ms)
				ResolveRequiredComponents (55ms)
			ReleaseScriptCaches (1ms)
			RebuildScriptCaches (239ms)
			SetupLoadedEditorAssemblies (8388ms)
				LogAssemblyErrors (0ms)
				InitializePlatformSupportModulesInManaged (25ms)
				SetLoadedEditorAssemblies (18ms)
				RefreshPlugins (271ms)
				BeforeProcessingInitializeOnLoad (308ms)
				ProcessInitializeOnLoadAttributes (1023ms)
				ProcessInitializeOnLoadMethodAttributes (6723ms)
				AfterProcessingInitializeOnLoad (19ms)
				EditorAssembliesLoaded (0ms)
			ExecutionOrderSort2 (0ms)
			AwakeInstancesAfterBackupRestoration (13ms)
Platform modules already initialized, skipping
========================================================================
Worker process is ready to serve import requests
Launched and connected shader compiler UnityShaderCompiler.exe after 0.14 seconds
Refreshing native plugins compatible for Editor in 2.89 ms, found 5 plugins.
Preloading 0 native plugins for Editor in 0.00 ms.
Unloading 4937 Unused Serialized files (Serialized files now loaded: 0)
Unloading 2286 unused Assets / (4.3 MB). Loaded Objects now: 5022.
Memory consumption went from 0.78 GB to 0.78 GB.
Total: 10.880100 ms (FindLiveObjects: 0.696500 ms CreateObjectMapping: 0.604000 ms MarkObjects: 5.116600 ms  DeleteObjects: 4.460600 ms)

AssetImportParameters requested are different than current active one (requested -> active):
  custom:video-decoder-ogg-theora: a1e56fd34408186e4bbccfd4996cb3dc -> 
  custom:container-muxer-webm: aa71ff27fc2769a1b78a27578f13a17b -> 
  custom:container-demuxer-webm: 4f35f7cbe854078d1ac9338744f61a02 -> 
  custom:video-encoder-webm-vp8: eb34c28f22e8b96e1ab97ce403110664 -> 
  custom:video-codec-MediaFoundation-h265: e54d7ab0439102e2317fc1e4b246158d -> 
  custom:audio-encoder-webm-vorbis: bf7c407c2cedff20999df2af8eb42d56 -> 
  custom:framework-win-MediaFoundation: 216162199b28c13a410421893ffa2e32 -> 
  custom:container-demuxer-ogg: 62fdf1f143b41e24485cea50d1cbac27 -> 
  custom:video-decoder-webm-vp8: 9c59270c3fd7afecdb556c50c9e8de78 -> 
  custom:audio-decoder-ogg-vorbis: bf7c407c2cedff20999df2af8eb42d56 -> 
========================================================================
Received Import Request.
  Time since last request: 6746.703673 seconds.
  path: Assets/VideoTexture.renderTexture
  artifactKey: Guid(c10e1197ea2ad244580cd8f40b17570c) Importer(815301076,1909f56bfc062723c751e8b465ee728b)
Start importing Assets/VideoTexture.renderTexture using Guid(c10e1197ea2ad244580cd8f40b17570c) Importer(815301076,1909f56bfc062723c751e8b465ee728b)  -> (artifact id: '8beb07bbbcd1e2611ffc642a57b5b92c') in 0.184377 seconds 
========================================================================
Received Import Request.
  Time since last request: 0.000069 seconds.
  path: Assets/ImageMaterial.mat
  artifactKey: Guid(85f10f14fcd53ba40ac86f60de7abcd9) Importer(815301076,1909f56bfc062723c751e8b465ee728b)
Start importing Assets/ImageMaterial.mat using Guid(85f10f14fcd53ba40ac86f60de7abcd9) Importer(815301076,1909f56bfc062723c751e8b465ee728b)  -> (artifact id: '417efd4a312a890684680cfda3f2990e') in 0.734882 seconds 
========================================================================
Received Import Request.
  Time since last request: 0.000153 seconds.
  path: Assets/BackdropImg.mat
  artifactKey: Guid(7290d614cb824c046be160cb7c1089af) Importer(815301076,1909f56bfc062723c751e8b465ee728b)
Start importing Assets/BackdropImg.mat using Guid(7290d614cb824c046be160cb7c1089af) Importer(815301076,1909f56bfc062723c751e8b465ee728b)  -> (artifact id: '58f84ec28b20f7c8541140dcad37d30f') in 0.052478 seconds 
========================================================================
Received Import Request.
  Time since last request: 0.000099 seconds.
  path: Assets/VideoMaterial.mat
  artifactKey: Guid(ac0421d4f77ab49429357fe5e27870ec) Importer(815301076,1909f56bfc062723c751e8b465ee728b)
Start importing Assets/VideoMaterial.mat using Guid(ac0421d4f77ab49429357fe5e27870ec) Importer(815301076,1909f56bfc062723c751e8b465ee728b)  -> (artifact id: '5a59cd1567041390a7445b56c3d04e53') in 0.064121 seconds 
========================================================================
Received Prepare
Registering precompiled user dll's ...
Registered in 0.043263 seconds.
Begin MonoManager ReloadAssembly
Symbol file LoadedFromMemory is not a mono symbol file
Symbol file LoadedFromMemory is not a mono symbol file
Symbol file LoadedFromMemory is not a mono symbol file
Symbol file LoadedFromMemory is not a mono symbol file
Native extension for LinuxStandalone target not found
Native extension for WindowsStandalone target not found
Native extension for WebGL target not found
Refreshing native plugins compatible for Editor in 3.60 ms, found 5 plugins.
Preloading 0 native plugins for Editor in 0.00 ms.
Make Babies Senses has a sense that is attempting to sense an unkown object type of 
UnityEngine.StackTraceUtility:ExtractStackTrace ()
UnityEngine.DebugLogHandler:LogFormat (UnityEngine.LogType,UnityEngine.Object,string,object[])
UnityEngine.Logger:Log (UnityEngine.LogType,object)
UnityEngine.Debug:LogWarning (object)
WizardsCode.Character.AI.AbstractSense:OnValidate () (at Assets/Character-Unity-Package-main/Character/Scripts/Runtime/Stats/AbstractSense.cs:120)
UnityEngine.ResourcesAPI:LoadAll (string,System.Type)
UnityEngine.Resources:LoadAll (string,System.Type)
UnityEngine.Resources:LoadAll<Photon.Utilities.SettingsScriptableObjectBase> (string)
Photon.Utilities.SettingsScriptableObjectBase:RegisterAllSettingsSOs () (at Assets/Photon/PhotonUtilities/SettingsScriptableObject/SettingsScriptableObject.cs:29)
System.Reflection.RuntimeMethodInfo:Invoke (object,System.Reflection.BindingFlags,System.Reflection.Binder,object[],System.Globalization.CultureInfo)
System.Reflection.MethodBase:Invoke (object,object[])
UnityEditor.EditorAssemblies:ProcessInitializeOnLoadMethodAttributes ()

(Filename: Assets/Character-Unity-Package-main/Character/Scripts/Runtime/Stats/AbstractSense.cs Line: 120)

Mono: successfully reloaded assembly
- Completed reload, in  5.925 seconds
Domain Reload Profiling:
	ReloadAssembly (5926ms)
		BeginReloadAssembly (435ms)
			ExecutionOrderSort (0ms)
			DisableScriptedObjects (12ms)
			BackupInstance (0ms)
			ReleaseScriptingObjects (0ms)
			CreateAndSetChildDomain (118ms)
		EndReloadAssembly (5180ms)
			LoadAssemblies (501ms)
			RebuildTransferFunctionScriptingTraits (0ms)
			SetupTypeCache (702ms)
				TypeCache.Initialize (666ms)
					TypeCache.ScanAssembly (650ms)
				ResolveRequiredComponents (35ms)
			ReleaseScriptCaches (2ms)
			RebuildScriptCaches (93ms)
			SetupLoadedEditorAssemblies (3656ms)
				LogAssemblyErrors (0ms)
				InitializePlatformSupportModulesInManaged (53ms)
				SetLoadedEditorAssemblies (13ms)
				RefreshPlugins (4ms)
				BeforeProcessingInitializeOnLoad (156ms)
				ProcessInitializeOnLoadAttributes (1220ms)
				ProcessInitializeOnLoadMethodAttributes (2138ms)
				AfterProcessingInitializeOnLoad (72ms)
				EditorAssembliesLoaded (1ms)
			ExecutionOrderSort2 (0ms)
			AwakeInstancesAfterBackupRestoration (65ms)
Platform modules already initialized, skipping
Refreshing native plugins compatible for Editor in 99.35 ms, found 5 plugins.
Preloading 0 native plugins for Editor in 0.00 ms.
Unloading 4827 Unused Serialized files (Serialized files now loaded: 0)
Unloading 81 unused Assets / (0.9 MB). Loaded Objects now: 5081.
Memory consumption went from 0.76 GB to 0.76 GB.
Total: 17.125100 ms (FindLiveObjects: 1.863300 ms CreateObjectMapping: 0.443000 ms MarkObjects: 12.086800 ms  DeleteObjects: 2.728800 ms)

AssetImportParameters requested are different than current active one (requested -> active):
  custom:video-decoder-ogg-theora: a1e56fd34408186e4bbccfd4996cb3dc -> 
  custom:container-muxer-webm: aa71ff27fc2769a1b78a27578f13a17b -> 
  custom:container-demuxer-webm: 4f35f7cbe854078d1ac9338744f61a02 -> 
  custom:video-encoder-webm-vp8: eb34c28f22e8b96e1ab97ce403110664 -> 
  custom:video-codec-MediaFoundation-h265: e54d7ab0439102e2317fc1e4b246158d -> 
  custom:audio-encoder-webm-vorbis: bf7c407c2cedff20999df2af8eb42d56 -> 
  custom:framework-win-MediaFoundation: 216162199b28c13a410421893ffa2e32 -> 
  custom:container-demuxer-ogg: 62fdf1f143b41e24485cea50d1cbac27 -> 
  custom:video-decoder-webm-vp8: 9c59270c3fd7afecdb556c50c9e8de78 -> 
  custom:audio-decoder-ogg-vorbis: bf7c407c2cedff20999df2af8eb42d56 -> 
