
=== Tue Sep  5 13:20:04 2023

Packages were changed.
Update Mode: updateDependencies

The following packages were updated:
  com.unity.cinemachine from version 2.6.17 to 2.8.9
  com.unity.collab-proxy from version 1.14.18 to 1.17.2
  com.unity.ide.rider from version 1.2.1 to 3.0.15
  com.unity.ide.visualstudio from version 2.0.15 to 2.0.16
  com.unity.render-pipelines.universal from version 7.7.1 to 13.1.8
  com.unity.test-framework from version 1.1.31 to 1.1.33
  com.unity.textmeshpro from version 2.1.6 to 3.0.6
  com.unity.timeline from version 1.2.18 to 1.7.1

=== Sun Jul 21 21:10:48 2024

Packages were changed.
Update Mode: updateDependencies

The following packages were added:
  com.unity.ai.navigation@1.1.5
The following packages were updated:
  com.unity.cinemachine from version 2.8.9 to 2.10.1
  com.unity.collab-proxy from version 1.17.2 to 2.4.3
  com.unity.ide.rider from version 3.0.15 to 3.0.31
  com.unity.ide.visualstudio from version 2.0.16 to 2.0.22
  com.unity.render-pipelines.universal from version 13.1.8 to 14.0.11
  com.unity.timeline from version 1.7.1 to 1.7.6
  com.unity.toolchain.macos-x86_64-linux-x86_64 from version 1.0.0 to 2.0.4

=== Wed Jul 24 17:39:22 2024

Packages were changed.
Update Mode: mergeDefaultDependencies

The following packages were added:
  com.unity.cloud.gltfast@6.0.1
  com.unity.nuget.newtonsoft-json@3.2.1

=== Fri Aug  9 23:17:50 2024

Packages were changed.
Update Mode: mergeDefaultDependencies

The following packages were added:
  com.unity.inputsystem@1.3.0

=== Fri Aug  9 23:21:34 2024

Packages were changed.
Update Mode: mergeDefaultDependencies

The following packages were updated:
  com.unity.inputsystem from version 1.3.0 to 1.4.4
